<?xml version="1.0" encoding="UTF-8"?>
<!-- Generated by org.testng.reporters.JUnitReportReporter -->
<testsuite skipped="0" hostname="sameena-pc" name="com.automation.CICD.com.automation.CICD.TestClass1" tests="2" failures="0" timestamp="29 Aug 2019 13:27:22 GMT" time="49.522" errors="0">
  <testcase name="test1" time="32.077" classname="com.automation.CICD.com.automation.CICD.TestClass1"/>
  <testcase name="test2" time="17.445" classname="com.automation.CICD.com.automation.CICD.TestClass1"/>
</testsuite> <!-- com.automation.CICD.com.automation.CICD.TestClass1 -->
