<?xml version="1.0" encoding="UTF-8"?>
<!-- Generated by org.testng.reporters.JUnitReportReporter -->
<testsuite skipped="0" hostname="sameena-pc" name="com.automation.CICD.com.automation.CICD.TestClass1" tests="2" failures="0" timestamp="29 Aug 2019 13:29:26 GMT" time="23.784" errors="0">
  <testcase name="test2" time="16.462" classname="com.automation.CICD.com.automation.CICD.TestClass1"/>
  <testcase name="test1" time="7.322" classname="com.automation.CICD.com.automation.CICD.TestClass1"/>
</testsuite> <!-- com.automation.CICD.com.automation.CICD.TestClass1 -->
